[2025-07-16 10:15:26] INFO: 🎨 Initializing Wallpaper Gallery Generation (v4.0)...
[2025-07-16 10:15:26] INFO: Checking dependencies...
[2025-07-16 10:15:26] INFO: Using ImageMagick command: /run/current-system/sw/bin/magick
[2025-07-16 10:15:26] INFO: ImageMagick version: 7.1.1
[2025-07-16 10:15:26] INFO: Using up to 8 parallel jobs for image processing
[2025-07-16 10:15:26] INFO: Creating output directories...
[2025-07-16 10:15:26] INFO: 🔍 Finding source images...
[2025-07-16 10:15:26] INFO: Found 216 images to process
[2025-07-16 10:15:26] INFO: 🖼️  Generating thumbnails...
[2025-07-16 10:16:14] INFO: 🖼️  Generating WebP thumbnails...
[2025-07-16 10:17:06] INFO: 🖼️  Generating WebP versions...
[2025-07-16 10:17:09] INFO: Script completed successfully
[2025-07-16 10:17:09] INFO: Script completed successfully
[2025-07-16 10:17:09] INFO: Script completed successfully
[2025-07-16 10:17:14] INFO: 🎨 Initializing Wallpaper Gallery Generation (v4.0)...
[2025-07-16 10:17:14] INFO: Checking dependencies...
[2025-07-16 10:17:14] INFO: Using ImageMagick command: /run/current-system/sw/bin/magick
[2025-07-16 10:17:14] INFO: ImageMagick version: 7.1.1
[2025-07-16 10:17:14] INFO: Using up to 8 parallel jobs for image processing
[2025-07-16 10:17:14] INFO: Creating output directories...
[2025-07-16 10:17:14] INFO: 🔍 Finding source images...
[2025-07-16 10:17:14] INFO: Found 216 images to process
[2025-07-16 10:17:14] INFO: 🖼️  Generating thumbnails...
[2025-07-16 10:18:08] INFO: 🖼️  Generating WebP thumbnails...
[2025-07-16 10:18:57] INFO: 🖼️  Generating WebP versions...
[2025-07-16 10:19:46] INFO: 🔍 Generating gallery data structure...
[2025-07-16 10:20:39] INFO: ✅ Writing gallery data to 'public/js/gallery-data.js'...
[2025-07-16 10:20:39] INFO: ✅ Gallery generation completed successfully!
[2025-07-16 10:20:39] INFO: 📊 Statistics:
[2025-07-16 10:20:39] INFO:    - Images processed: 216
[2025-07-16 10:20:39] INFO:    - Output file: public/js/gallery-data.js
[2025-07-16 10:20:39] INFO:    - Log file: gallery-generator.log
[2025-07-16 10:20:39] INFO: Script completed successfully
[2025-07-16 10:26:28] INFO: 🎨 Initializing Wallpaper Gallery Generation (v4.0)...
[2025-07-16 10:26:28] INFO: Checking dependencies...
[2025-07-16 10:26:28] INFO: Using ImageMagick command: /run/current-system/sw/bin/magick
[2025-07-16 10:26:28] INFO: ImageMagick version: 7.1.1
[2025-07-16 10:26:28] INFO: Using up to 8 parallel jobs for image processing
[2025-07-16 10:26:28] INFO: Creating output directories...
[2025-07-16 10:26:28] INFO: 🔍 Finding source images...
[2025-07-16 10:26:28] INFO: Found 216 images to process
[2025-07-16 10:26:28] INFO: 🖼️  Generating thumbnails...
[2025-07-16 10:26:28] ERROR: Script failed with exit code 1
[2025-07-16 10:28:26] INFO: 🎨 Initializing Wallpaper Gallery Generation (v4.0)...
[2025-07-16 10:28:26] INFO: Checking dependencies...
[2025-07-16 10:28:26] INFO: Using ImageMagick command: /run/current-system/sw/bin/magick
[2025-07-16 10:28:26] INFO: ImageMagick version: 7.1.1
[2025-07-16 10:28:26] INFO: Using up to 8 parallel jobs for image processing
[2025-07-16 10:28:26] INFO: Creating output directories...
[2025-07-16 10:28:26] INFO: 🔍 Finding source images...
[2025-07-16 10:28:26] INFO: Found 216 images to process
[2025-07-16 10:28:26] INFO: 🖼️  Generating thumbnails...
[2025-07-16 10:28:26] DEBUG: Cleaning up temporary directory: /tmp/tmp.PttcqnuM5X
[2025-07-16 10:28:26] ERROR: Script failed with exit code 1
[2025-07-16 10:28:26] DEBUG: Skipping regeneration for public/thumbnails/Abstract/wall1.jpg (up to date)
[2025-07-16 10:28:26] DEBUG: Thumbnail already exists and is up-to-date: public/thumbnails/Abstract/wall1.jpg
[2025-07-16 10:30:08] INFO: 🎨 Initializing Wallpaper Gallery Generation (v4.0)...
[2025-07-16 10:30:08] INFO: Checking dependencies...
[2025-07-16 10:30:08] INFO: Using ImageMagick command: /run/current-system/sw/bin/magick
[2025-07-16 10:30:08] INFO: ImageMagick version: 7.1.1
[2025-07-16 10:30:08] INFO: Using up to 8 parallel jobs for image processing
[2025-07-16 10:30:08] INFO: Creating output directories...
[2025-07-16 10:30:08] INFO: 🔍 Finding source images...
[2025-07-16 10:30:08] INFO: Found 216 images to process
[2025-07-16 10:30:08] INFO: 🖼️  Generating thumbnails...
[2025-07-16 10:30:08] DEBUG: Cleaning up temporary directory: /tmp/tmp.rY8PBRmaQB
[2025-07-16 10:30:08] ERROR: Script failed with exit code 1
[2025-07-16 10:30:08] DEBUG: Skipping regeneration for public/thumbnails/Abstract/wall1.jpg (up to date)
[2025-07-16 10:30:08] DEBUG: Thumbnail already exists and is up-to-date: public/thumbnails/Abstract/wall1.jpg
[Wed Jul 16 10:31:03 AM IST 2025] INFO: 🎨 Initializing Wallpaper Gallery Generation (v4.0)...
[Wed Jul 16 10:31:03 AM IST 2025] INFO: Checking dependencies...
[Wed Jul 16 10:31:03 AM IST 2025] INFO: Using ImageMagick command: /run/current-system/sw/bin/magick
[Wed Jul 16 10:31:03 AM IST 2025] INFO: ImageMagick version: Version: ImageMagick 7.1.1-47 Q16-HDRI x86_64 c8f4e8cb7:20250329 https://imagemagick.org
[Wed Jul 16 10:31:03 AM IST 2025] INFO: Using up to 8 parallel jobs
[Wed Jul 16 10:31:03 AM IST 2025] INFO: 🔍 Finding source images...
[Wed Jul 16 10:31:03 AM IST 2025] INFO: Found 216 images to process
[Wed Jul 16 10:31:03 AM IST 2025] INFO: 🖼️  Generating thumbnails...
[Wed Jul 16 10:31:49 AM IST 2025] INFO: 🖼️  Generating WebP thumbnails...
[Wed Jul 16 10:32:36 AM IST 2025] INFO: 🖼️  Generating WebP versions...
[Wed Jul 16 10:33:30 AM IST 2025] INFO: ✅ Processing complete.
[Wed Jul 16 10:33:30 AM IST 2025] DEBUG: Cleaning up temporary directory: /tmp/tmp.MsUCIXrFm7
[Wed Jul 16 10:33:30 AM IST 2025] INFO: Script completed successfully
[Wed Jul 16 10:34:21 AM IST 2025] INFO: 🎨 Initializing Wallpaper Gallery Generation (v4.0)...
[Wed Jul 16 10:34:21 AM IST 2025] INFO: Checking dependencies...
[Wed Jul 16 10:34:21 AM IST 2025] INFO: Using ImageMagick command: /run/current-system/sw/bin/magick
[Wed Jul 16 10:34:21 AM IST 2025] INFO: ImageMagick version: Version: ImageMagick 7.1.1-47 Q16-HDRI x86_64 c8f4e8cb7:20250329 https://imagemagick.org
[Wed Jul 16 10:34:21 AM IST 2025] INFO: Using up to 8 parallel jobs
[Wed Jul 16 10:34:21 AM IST 2025] INFO: 🔍 Finding source images...
[Wed Jul 16 10:34:21 AM IST 2025] INFO: Found 216 images to process
[Wed Jul 16 10:34:21 AM IST 2025] INFO: 🖼️  Generating thumbnails...
[Wed Jul 16 10:34:21 AM IST 2025] INFO: 🖼️  Generating WebP thumbnails...
[Wed Jul 16 10:34:22 AM IST 2025] INFO: 🖼️  Generating WebP versions...
[Wed Jul 16 10:34:22 AM IST 2025] INFO: ✅ Processing complete.
[Wed Jul 16 10:34:22 AM IST 2025] DEBUG: Cleaning up temporary directory: /tmp/tmp.367sKxYwcZ
[Wed Jul 16 10:34:22 AM IST 2025] INFO: Script completed successfully
